<component name="libraryTable">
  <library name="junit-4.10">
    <CLASSES>
      <root url="jar://$USER_HOME$/.gradle/caches/artifacts-7/artifacts/56865c09425cc6ecda8606d7e6035ceb/junit/junit/4.10/jar/junit-4.10.jar!/" />
    </CLASSES>
    <JAVADOC />
    <SOURCES>
      <root url="jar://$USER_HOME$/.gradle/caches/artifacts-7/artifacts/56865c09425cc6ecda8606d7e6035ceb/junit/junit/4.10/source/junit-4.10-sources.jar!/" />
    </SOURCES>
  </library>
</component>